<?xml version="1.0" encoding="UTF-8"?>
<!-- Generated by org.testng.reporters.JUnitReportReporter -->
<testsuite skipped="0" hostname="ravishbagasi" name="amazon_nagp_automation.utility.Log4j" tests="1" failures="0" timestamp="2021-05-01T15:05:17 IST" time="0.010" errors="0">
  <testcase name="logging" time="0.010" classname="amazon_nagp_automation.utility.Log4j"/>
  <system-out/>
</testsuite> <!-- amazon_nagp_automation.utility.Log4j -->
