<?xml version="1.0" encoding="UTF-8"?>
<!-- Generated by org.testng.reporters.JUnitReportReporter -->
<testsuite skipped="0" hostname="ravishbagasi" name="amazon_nagp_automation.testclass.TestCases" tests="1" failures="0" timestamp="2021-05-14T20:24:02 IST" time="34.285" errors="0">
  <testcase name="verifyNewReleases" time="34.285" classname="amazon_nagp_automation.testclass.TestCases"/>
  <system-out/>
</testsuite> <!-- amazon_nagp_automation.testclass.TestCases -->
