<?xml version="1.0" encoding="UTF-8"?>
<!-- Generated by org.testng.reporters.JUnitReportReporter -->
<testsuite skipped="1" hostname="ravishbagasi" name="amazon_nagp_automation.testclass.SmokeTest" tests="3" failures="0" timestamp="23 Feb 2022 07:40:27 GMT" time="0.022" errors="1">
  <testcase name="verifySelectYourAddress" time="0.001" classname="amazon_nagp_automation.testclass.SmokeTest">
    <skipped/>
  </testcase> <!-- verifySelectYourAddress -->
  <testcase name="tearDown" time="0.000" classname="amazon_nagp_automation.testclass.SmokeTest">
    <error type="java.lang.NullPointerException">
      <![CDATA[java.lang.NullPointerException
	at amazon_nagp_automation.testclass.SmokeTest.tearDown(SmokeTest.java:56)
	at sun.reflect.NativeMethodAccessorImpl.invoke0(Native Method)
	at sun.reflect.NativeMethodAccessorImpl.invoke(Unknown Source)
	at sun.reflect.DelegatingMethodAccessorImpl.invoke(Unknown Source)
	at java.lang.reflect.Method.invoke(Unknown Source)
	at org.testng.internal.MethodInvocationHelper.invokeMethod(MethodInvocationHelper.java:100)
	at org.testng.internal.Invoker.invokeConfigurationMethod(Invoker.java:515)
	at org.testng.internal.Invoker.invokeConfigurations(Invoker.java:216)
	at org.testng.internal.Invoker.invokeMethod(Invoker.java:712)
	at org.testng.internal.Invoker.invokeTestMethod(Invoker.java:811)
	at org.testng.internal.Invoker.invokeTestMethods(Invoker.java:1137)
	at org.testng.internal.TestMethodWorker.invokeTestMethods(TestMethodWorker.java:129)
	at org.testng.internal.TestMethodWorker.run(TestMethodWorker.java:112)
	at java.util.concurrent.ThreadPoolExecutor.runWorker(Unknown Source)
	at java.util.concurrent.ThreadPoolExecutor$Worker.run(Unknown Source)
	at java.lang.Thread.run(Unknown Source)
]]>
    </error>
  </testcase> <!-- tearDown -->
  <testcase name="verifyInvalidLogin" time="0.021" classname="amazon_nagp_automation.testclass.SmokeTest"/>
</testsuite> <!-- amazon_nagp_automation.testclass.SmokeTest -->
