<?xml version="1.0" encoding="UTF-8"?>
<!-- Generated by org.testng.reporters.JUnitReportReporter -->
<testsuite skipped="0" hostname="ravishbagasi" name="amazon_nagp_automation.testclass.SmokeTest" tests="8" failures="0" timestamp="2021-05-16T21:21:05 IST" time="110.522" errors="0">
  <testcase name="verifySearch" time="9.334" classname="amazon_nagp_automation.testclass.SmokeTest"/>
  <system-out/>
  <testcase name="verifyAmazonPrime" time="9.497" classname="amazon_nagp_automation.testclass.SmokeTest"/>
  <system-out/>
  <testcase name="verifyAddToCart" time="17.606" classname="amazon_nagp_automation.testclass.SmokeTest"/>
  <system-out/>
  <testcase name="verifyChangeLanguage" time="11.093" classname="amazon_nagp_automation.testclass.SmokeTest"/>
  <system-out/>
  <testcase name="verifyInvalidLogin" time="7.313" classname="amazon_nagp_automation.testclass.SmokeTest"/>
  <system-out/>
  <testcase name="verifySelectYourAddress" time="12.721" classname="amazon_nagp_automation.testclass.SmokeTest"/>
  <system-out/>
  <testcase name="verifyDeleteAndReAddOrder" time="20.413" classname="amazon_nagp_automation.testclass.SmokeTest"/>
  <system-out/>
  <testcase name="verifyNewReleases" time="22.545" classname="amazon_nagp_automation.testclass.SmokeTest"/>
  <system-out/>
</testsuite> <!-- amazon_nagp_automation.testclass.SmokeTest -->
